2024-11-26T08:49:04+00:00 DEBUG POST: https://ads.tiktok.com/marketing_api/api/developer/app/create_auto_approve/

{"business_platform":"PROD","smb_id":"tt4b_woocommerce_67458b8074471httplocalhosttts-webdemo01wp-admin","smb_name":"PROD","redirect_url":"http:\/\/localhost\/tts-web\/demo01\/wp-admin\/"}
 ajax: no
2024-11-26T08:49:04+00:00 DEBUG Tt4b_Mapi_Class::create_open_source_app: Response: 

HTTP/1.1 200 OK
Content-Type: application/json
X-Tt-Logid: 2024112608490319E6E8A15AB13F5BB683,2024112608490319E6E8A15AB13F5BB683
Strict-Transport-Security: max-age=31536000; includeSubDomains
Server-Timing: inner; dur=86
x-tt-trace-host: 011d76650b35bafabd6ad041b52099812c9984f16ac0ceb10542ef952ec8cd0de2aeba036487d302ee8d5ffd3c6fe0d7d2d6c626d3883b72ee348cf1c8d6950d0c1a332cd1618c602785bee4a0afa28fcd3980c6e5873b164ecbb2e159a53d0811
x-tt-trace-id: 00-24112608490319E6E8A15AB13F5BB683-18001314790B0A59-00
Server: TLB
Content-Encoding: gzip
Date: Tue, 26 Nov 2024 08:49:04 GMT
Content-Length: 210
X-Cache: TCP_MISS from a113-171-10-143.deploy.akamaitechnologies.com (AkamaiGHost/11.7.1-5d2a058efeda81c5505a169a6e16c38e) (-)
Connection: close
Vary: Accept-Encoding
x-tt-trace-tag: id=16;cdn-cache=miss;type=dyn
Server-Timing: cdn-cache; desc=MISS, edge; dur=5, origin; dur=135
X-Origin-Response-Time: 135,113.171.10.143
X-Akamai-Request-ID: 274e2f34

{"code":0,"msg":"ok","data":{"redirect_uri":"http:\/\/localhost\/tts-web\/demo01\/wp-admin\/","external_data_key":"c6b24c9a-e055-47f6-97e4-003b1e254c58","app_secret":"df5cf61bdaef5133e6364cd3d040aaa719ebfb99","app_id":"7441507343335948289"}}

2024-11-26T09:25:55+00:00 DEBUG POST: https://business-api.tiktok.com/tbp/v2.0/business_profile/disconnect?external_data=

{"business_platform":"WOO_COMMERCE","external_business_id":"tt4b_woocommerce_67458b8074471"}
 ajax: no
2024-11-26T09:25:56+00:00 DEBUG Tt4b_Mapi_Class::tbp_post: Response: 

HTTP/1.1 200 OK
Content-Type: application/json; charset=utf-8
Content-Length: 95
X-Api-Deprecation-Info: API for Business Version 1.3 is now live. To avoid disruption to your business, we recommend you migrate all calls to v1.3 as soon as possible. Please visit our migration guide for more details: https://ads.tiktok.com/marketing_api/docs?id=1740029169927169
X-Domain-Change-Info: We have moved to the new domain business-api.tiktok.com for API services after the Platform Upgrade on 09/30/2021. Please update all of your requests with the new domain if you haven't done so already. For more information, please visit https://ads.tiktok.com/marketing_api/docs?rid=esb88xalm6m&id=1709207085043713
X-Tt-Logid: 2024112609255557ABA8C273CE2200DB6A
x-tt-trace-host: 01ca0627d9e22f452b89e0b2dc95d7a628a5af51de09c50418d99d48f88186bbba485b63d1d6cfb037a33793af4ada45856d65535f23e27a9f68417005988352d79940f7eee8d392b47cfd2e371e076e16870f8ec833954cce1a0ef76408c4a9ecea0f9de58f8de4e22dd98ad9e527bc0b
x-tt-trace-id: 00-24112609255557ABA8C273CE2200DB6A-47FD141B3C07ED40-00
Server: TLB
X-Origin-Response-Time: 15,23.47.190.164
X-Akamai-Request-ID: 6c9f0f94.e6abe36
Expires: Tue, 26 Nov 2024 09:25:56 GMT
Cache-Control: max-age=0, no-cache, no-store
Pragma: no-cache
Date: Tue, 26 Nov 2024 09:25:56 GMT
X-Cache: TCP_MISS from a23-203-135-182.deploy.akamaitechnologies.com (AkamaiGHost/11.7.1-5564540792473a75b19a89fcf1e2a34b) (-)
Connection: close
X-Cache-Remote: TCP_MISS from a23-47-190-164.deploy.akamaitechnologies.com (AkamaiGHost/11.7.1-5564540792473a75b19a89fcf1e2a34b) (-)
x-tt-trace-tag: id=16;cdn-cache=miss;type=dyn
Server-Timing: cdn-cache; desc=MISS, edge; dur=35, origin; dur=15
Server-Timing: inner; dur=9
X-Parent-Response-Time: 50,23.203.135.182

{"code":40001,"message":"Permission denied.","request_id":"2024112609255557ABA8C273CE2200DB6A"}

2024-11-26T09:25:56+00:00 DEBUG POST: https://business-api.tiktok.com/tbp/v2.0/shop/connection/disconnect?external_data=

--- EMPTY STRING ---
 ajax: no
2024-11-26T09:25:56+00:00 DEBUG Tt4b_Mapi_Class::tts_shop_disconnect: Response: 

HTTP/1.1 200 OK
Content-Type: application/json; charset=utf-8
Content-Length: 95
X-Api-Deprecation-Info: API for Business Version 1.3 is now live. To avoid disruption to your business, we recommend you migrate all calls to v1.3 as soon as possible. Please visit our migration guide for more details: https://ads.tiktok.com/marketing_api/docs?id=1740029169927169
X-Domain-Change-Info: We have moved to the new domain business-api.tiktok.com for API services after the Platform Upgrade on 09/30/2021. Please update all of your requests with the new domain if you haven't done so already. For more information, please visit https://ads.tiktok.com/marketing_api/docs?rid=esb88xalm6m&id=1709207085043713
X-Tt-Logid: 20241126092555500F7704057484022B7B
x-tt-trace-host: 01ca0627d9e22f452b89e0b2dc95d7a628a5af51de09c50418d99d48f88186bbbaf4f26e37c457372159cc388224242ee4d6f7d38b7ba5c6a48d99338d5298dcf3ea9530f34c46e6c8f50ebd80c105bee1ffb27b8bd51fc3bdd550f24c243141bed50d90da1421a1c1afff4aec51014606
x-tt-trace-id: 00-241126092555500F7704057484022B7B-28B2B79C05451FDC-00
Server: TLB
X-Origin-Response-Time: 18,23.45.206.164
X-Akamai-Request-ID: 26929240.e6abef2
Expires: Tue, 26 Nov 2024 09:25:56 GMT
Cache-Control: max-age=0, no-cache, no-store
Pragma: no-cache
Date: Tue, 26 Nov 2024 09:25:56 GMT
X-Cache: TCP_MISS from a23-203-135-182.deploy.akamaitechnologies.com (AkamaiGHost/11.7.1-5564540792473a75b19a89fcf1e2a34b) (-)
Connection: close
X-Cache-Remote: TCP_MISS from a23-45-206-164.deploy.akamaitechnologies.com (AkamaiGHost/11.7.1-5564540792473a75b19a89fcf1e2a34b) (-)
x-tt-trace-tag: id=16;cdn-cache=miss;type=dyn
Server-Timing: cdn-cache; desc=MISS, edge; dur=35, origin; dur=18
Server-Timing: inner; dur=12
X-Parent-Response-Time: 53,23.203.135.182

{"code":40001,"message":"Permission denied.","request_id":"20241126092555500F7704057484022B7B"}

